<?xml version="1.0" encoding="UTF-8"?>
<!-- Generated by org.testng.reporters.JUnitReportReporter -->
<testsuite skipped="0" hostname="DESKTOP-01THEB1" name="com.edureka.testng.ComposeEmailWithAttachment" tests="1" failures="0" timestamp="11 Apr 2020 04:08:30 GMT" time="82.376" errors="0">
  <testcase name="composeEmail" time="82.376" classname="com.edureka.testng.ComposeEmailWithAttachment"/>
</testsuite> <!-- com.edureka.testng.ComposeEmailWithAttachment -->
