<?xml version="1.0" encoding="UTF-8"?>
<!-- Generated by org.testng.reporters.JUnitReportReporter -->
<testsuite skipped="0" hostname="DESKTOP-01THEB1" name="com.edureka.testng.RbClass" tests="1" failures="0" timestamp="03 Apr 2020 15:07:47 GMT" time="20.893" errors="0">
  <testcase name="test1" time="20.893" classname="com.edureka.testng.RbClass"/>
</testsuite> <!-- com.edureka.testng.RbClass -->
