<?xml version="1.0" encoding="UTF-8"?>
<!-- Generated by org.testng.reporters.JUnitReportReporter -->
<testsuite skipped="0" hostname="DESKTOP-01THEB1" name="com.edureka.controls.DragAndDrop" tests="1" failures="0" timestamp="28 Mar 2020 03:45:35 GMT" time="34.203" errors="0">
  <testcase name="dragAndDrop" time="34.203" classname="com.edureka.controls.DragAndDrop"/>
</testsuite> <!-- com.edureka.controls.DragAndDrop -->
