<?xml version="1.0" encoding="UTF-8"?>
<!-- Generated by org.testng.reporters.JUnitReportReporter -->
<testsuite skipped="0" hostname="DESKTOP-01THEB1" name="com.edureka.testng.UserModuleScripts" tests="2" failures="0" timestamp="29 Mar 2020 02:27:37 GMT" time="0.046" errors="0">
  <testcase name="deleteUser" time="0.035" classname="com.edureka.testng.UserModuleScripts"/>
  <testcase name="editUser" time="0.011" classname="com.edureka.testng.UserModuleScripts"/>
</testsuite> <!-- com.edureka.testng.UserModuleScripts -->
