<?xml version="1.0" encoding="UTF-8"?>
<!-- Generated by org.testng.reporters.JUnitReportReporter -->
<testsuite skipped="0" hostname="DESKTOP-01THEB1" name="com.edureka.testng.TaskModuleScripts" tests="2" failures="0" timestamp="29 Mar 2020 02:27:37 GMT" time="0.016" errors="0">
  <testcase name="editTask" time="0.008" classname="com.edureka.testng.TaskModuleScripts"/>
  <testcase name="deleteTask" time="0.008" classname="com.edureka.testng.TaskModuleScripts"/>
</testsuite> <!-- com.edureka.testng.TaskModuleScripts -->
