<?xml version="1.0" encoding="UTF-8"?>
<!-- Generated by org.testng.reporters.JUnitReportReporter -->
<testsuite skipped="0" hostname="DESKTOP-01THEB1" name="com.edureka.testng.AnnotationsDemo" tests="4" failures="0" timestamp="29 Mar 2020 02:08:12 GMT" time="0.050" errors="0">
  <testcase name="test1" time="0.003" classname="com.edureka.testng.AnnotationsDemo"/>
  <testcase name="test1" time="0.031" classname="com.edureka.testng.AnnotationsDemo"/>
  <testcase name="test2" time="0.010" classname="com.edureka.testng.AnnotationsDemo"/>
  <testcase name="test2" time="0.006" classname="com.edureka.testng.AnnotationsDemo"/>
</testsuite> <!-- com.edureka.testng.AnnotationsDemo -->
